Arguments: 
  C:\Program Files\nodejs\node.exe C:\Users\Elaine\AppData\Roaming\npm\node_modules\yarn\bin\yarn.js init

PATH: 
  C:\Users\Elaine\bin;C:\Program Files\Git\mingw64\bin;C:\Program Files\Git\usr\local\bin;C:\Program Files\Git\usr\bin;C:\Program Files\Git\usr\bin;C:\Program Files\Git\mingw64\bin;C:\Program Files\Git\usr\bin;C:\Users\Elaine\bin;C:\Program Files (x86)\Intel\Intel(R) Management Engine Components\iCLS;C:\Program Files\Intel\Intel(R) Management Engine Components\iCLS;C:\windows\system32;C:\windows;C:\windows\System32\Wbem;C:\windows\System32\WindowsPowerShell\v1.0;C:\Program Files (x86)\NVIDIA Corporation\PhysX\Common;C:\Program Files (x86)\Intel\Intel(R) Management Engine Components\DAL;C:\Program Files\Intel\Intel(R) Management Engine Components\DAL;C:\Program Files (x86)\Intel\Intel(R) Management Engine Components\IPT;C:\Program Files\Intel\Intel(R) Management Engine Components\IPT;C:\Program Files\Intel\WiFi\bin;C:\Program Files\Common Files\Intel\WirelessCommon;C:\Program Files\Git\cmd;C:\Program Files\nodejs;C:\Users\Elaine\AppData\Local\Microsoft\WindowsApps;C:\Users\Elaine\AppData\Local\GitHubDesktop\bin;C:\Users\Elaine\AppData\Roaming\npm;C:\Program Files\Git\usr\bin\vendor_perl;C:\Program Files\Git\usr\bin\core_perl

Yarn version: 
  1.5.1

Node version: 
  9.8.0

Platform: 
  win32 x64

npm manifest: 
  No manifest

yarn manifest: 
  No manifest

Lockfile: 
  No lockfile

Trace: 
  Error: Can't answer a question unless a user TTY
      at ConsoleReporter.question (C:\Users\Elaine\AppData\Roaming\npm\node_modules\yarn\lib\cli.js:92962:59)
      at Object.<anonymous> (C:\Users\Elaine\AppData\Roaming\npm\node_modules\yarn\lib\cli.js:85927:38)
      at Generator.next (<anonymous>)
      at step (C:\Users\Elaine\AppData\Roaming\npm\node_modules\yarn\lib\cli.js:98:30)
      at C:\Users\Elaine\AppData\Roaming\npm\node_modules\yarn\lib\cli.js:109:13
      at <anonymous>
